app/build/intermediates/manifest_merge_blame_file/debug/manifest-merger-blame-debug-report.txt
1<?xml version="1.0" encoding="utf-8"?>
2<manifest xmlns:android="http://schemas.android.com/apk/res/android"
3    package="com.example.tmdb_project"
4    android:versionCode="1"
5    android:versionName="1.0" >
6
7    <uses-sdk
8        android:minSdkVersion="21"
8-->src/main/AndroidManifest.xml
9        android:targetSdkVersion="32" />
9-->src/main/AndroidManifest.xml
10
11    <uses-permission android:name="android.permission.INTERNET" />
11-->src/main/AndroidManifest.xml:5:5-67
11-->src/main/AndroidManifest.xml:5:22-64
12
13    <queries>
13-->[com.android.car.ui:car-ui-lib:2.0.0] AndroidManifest.xml:26:5-31:15
14        <provider
14-->[com.android.car.ui:car-ui-lib:2.0.0] AndroidManifest.xml:27:9-30:67
15            android:name="com.android.car.ui.plugin.PluginNameProvider"
15-->[com.android.car.ui:car-ui-lib:2.0.0] AndroidManifest.xml:28:13-72
16            android:authorities="com.android.car.ui.plugin" />
16-->[com.android.car.ui:car-ui-lib:2.0.0] AndroidManifest.xml:29:13-60
17    </queries>
18
19    <application
19-->src/main/AndroidManifest.xml:7:5-23:19
20        android:allowBackup="true"
20-->src/main/AndroidManifest.xml:8:9-35
21        android:appComponentFactory="androidx.core.app.CoreComponentFactory"
21-->[androidx.core:core:1.5.0] AndroidManifest.xml:24:18-86
22        android:debuggable="true"
23        android:icon="@mipmap/ic_launcher"
23-->src/main/AndroidManifest.xml:9:9-43
24        android:label="@string/app_name"
24-->src/main/AndroidManifest.xml:10:9-41
25        android:roundIcon="@mipmap/ic_launcher_round"
25-->src/main/AndroidManifest.xml:11:9-54
26        android:supportsRtl="true"
26-->src/main/AndroidManifest.xml:12:9-35
27        android:testOnly="true"
28        android:theme="@style/Theme.Tmdb_project" >
28-->src/main/AndroidManifest.xml:13:9-50
29        <activity
29-->src/main/AndroidManifest.xml:14:9-22:20
30            android:name="com.example.tmdb_project.MainActivity"
30-->src/main/AndroidManifest.xml:15:13-41
31            android:exported="true" >
31-->src/main/AndroidManifest.xml:16:13-36
32            <intent-filter>
32-->src/main/AndroidManifest.xml:17:13-21:29
33                <action android:name="android.intent.action.MAIN" />
33-->src/main/AndroidManifest.xml:18:17-69
33-->src/main/AndroidManifest.xml:18:25-66
34
35                <category android:name="android.intent.category.LAUNCHER" />
35-->src/main/AndroidManifest.xml:20:17-77
35-->src/main/AndroidManifest.xml:20:27-74
36            </intent-filter>
37        </activity>
38
39        <provider
39-->[com.android.car.ui:car-ui-lib:2.0.0] AndroidManifest.xml:34:9-39:71
40            android:name="com.android.car.ui.core.CarUiInstaller"
40-->[com.android.car.ui:car-ui-lib:2.0.0] AndroidManifest.xml:35:13-66
41            android:authorities="com.example.tmdb_project.CarUiInstaller"
41-->[com.android.car.ui:car-ui-lib:2.0.0] AndroidManifest.xml:36:13-66
42            android:directBootAware="true"
42-->[com.android.car.ui:car-ui-lib:2.0.0] AndroidManifest.xml:37:13-43
43            android:exported="false"
43-->[com.android.car.ui:car-ui-lib:2.0.0] AndroidManifest.xml:38:13-37
44            android:process="@string/car_ui_installer_process_name" />
44-->[com.android.car.ui:car-ui-lib:2.0.0] AndroidManifest.xml:39:13-68
45        <provider
45-->[com.android.car.ui:car-ui-lib:2.0.0] AndroidManifest.xml:40:9-45:79
46            android:name="com.android.car.ui.core.SearchResultsProvider"
46-->[com.android.car.ui:car-ui-lib:2.0.0] AndroidManifest.xml:41:13-73
47            android:authorities="com.example.tmdb_project.SearchResultsProvider"
47-->[com.android.car.ui:car-ui-lib:2.0.0] AndroidManifest.xml:42:13-73
48            android:exported="true"
48-->[com.android.car.ui:car-ui-lib:2.0.0] AndroidManifest.xml:43:13-36
49            android:process="@string/car_ui_installer_process_name"
49-->[com.android.car.ui:car-ui-lib:2.0.0] AndroidManifest.xml:44:13-68
50            android:readPermission="com.android.car.ui.READ_SEARCH_RESULTS" />
50-->[com.android.car.ui:car-ui-lib:2.0.0] AndroidManifest.xml:45:13-76
51
52        <service
52-->[androidx.room:room-runtime:2.5.0-alpha01] AndroidManifest.xml:26:9-30:63
53            android:name="androidx.room.MultiInstanceInvalidationService"
53-->[androidx.room:room-runtime:2.5.0-alpha01] AndroidManifest.xml:27:13-74
54            android:directBootAware="true"
54-->[androidx.room:room-runtime:2.5.0-alpha01] AndroidManifest.xml:28:13-43
55            android:exported="false" />
55-->[androidx.room:room-runtime:2.5.0-alpha01] AndroidManifest.xml:29:13-37
56    </application>
57
58</manifest>